2025-05-12T14:32:10.269Z GET /
2025-05-12T14:32:48.842Z GET /css/styles.css
2025-05-12T14:32:49.022Z GET /favicon.ico
2025-05-12T14:33:28.119Z POST /login
2025-05-12T14:33:28.209Z GET /css/styles.css
2025-05-12T14:34:09.622Z POST /login
2025-05-12T14:34:09.730Z GET /css/styles.css
2025-05-12T14:51:28.834Z GET /css/styles.css
2025-05-12T14:51:29.001Z GET /favicon.ico
2025-05-12T14:51:31.572Z GET /css/styles.css
2025-05-12T14:51:31.639Z GET /favicon.ico
2025-05-12T14:52:37.485Z GET /css/styles.css
2025-05-12T14:52:39.099Z GET /favicon.ico
2025-05-12T14:52:50.997Z POST /login
2025-05-12T14:52:51.533Z GET /css/styles.css
2025-05-12T14:55:58.400Z GET /css/styles.css
2025-05-12T14:55:59.518Z GET /favicon.ico
2025-05-12T14:56:15.409Z POST /contact
2025-05-12T14:56:15.520Z GET /css/styles.css
2025-05-12T14:56:25.652Z POST /login
2025-05-12T14:56:26.104Z GET /css/styles.css
2025-05-12T14:56:35.246Z POST /contact
2025-05-12T15:23:42.190Z GET /css/styles.css
2025-05-12T15:23:57.995Z POST /login
2025-05-12T15:23:58.152Z GET /css/styles.css
2025-05-12T15:24:12.339Z POST /login
2025-05-12T15:24:12.826Z GET /css/styles.css
2025-05-12T15:24:26.397Z POST /contact
2025-05-12T15:24:32.013Z POST /contact
2025-05-12T15:24:48.943Z GET /css/styles.css
2025-05-12T15:24:49.587Z GET /favicon.ico
2025-05-12T15:24:51.595Z GET /css/styles.css
2025-05-12T15:24:53.914Z GET /css/styles.css
2025-05-12T15:24:54.410Z GET /favicon.ico
2025-05-12T17:29:54.520Z GET /contact.html
2025-05-12T17:29:54.534Z GET /
2025-05-12T17:29:54.627Z GET /css/styles.css
2025-05-12T17:29:55.291Z GET /favicon.ico
2025-05-12T17:30:26.116Z GET /
2025-05-12T17:30:26.736Z GET /favicon.ico
2025-05-12T17:30:45.013Z POST /login
2025-05-12T17:30:45.375Z GET /contact.html
2025-05-12T17:31:01.571Z POST /contact
2025-05-12T17:37:03.610Z GET /contact.html
2025-05-12T17:37:03.624Z GET /
2025-05-12T17:39:18.282Z POST /login
2025-05-12T17:39:18.638Z GET /contact.html
2025-05-12T17:42:02.291Z POST /contact
2025-05-12T17:42:04.278Z GET /contact.html
2025-05-12T17:45:52.887Z GET /contact.html
2025-05-12T17:45:54.097Z GET /favicon.ico
2025-05-12T17:46:12.589Z POST /contact
2025-05-12T18:03:37.841Z GET /contact.html
2025-05-12T18:03:37.856Z GET /
2025-05-12T18:05:34.077Z GET /
2025-05-12T18:05:35.987Z GET /favicon.ico
2025-05-12T18:05:53.283Z GET /.git/config
2025-05-12T18:05:59.864Z GET /
2025-05-12T19:42:31.718Z GET /
2025-05-12T20:49:03.311Z GET /
2025-05-12T20:49:20.554Z POST /login
2025-05-12T20:49:20.930Z GET /contact.html
